<?xml version="1.0" encoding="UTF-8"?>
<testng-results ignored="0" total="1" passed="1" failed="0" skipped="0">
  <reporter-output>
    <line>
      <![CDATA[Setting browser name as chrome]]>
    </line>
    <line>
      <![CDATA[CLosing browser]]>
    </line>
  </reporter-output>
  <suite started-at="2026-01-07T04:31:50 IST" name="Default suite" finished-at="2026-01-07T04:32:09 IST" duration-ms="18163">
    <groups>
      <group name="cucumber">
        <method signature="AbstractTestNGCucumberTests.runScenario(io.cucumber.testng.PickleWrapper,io.cucumber.testng.FeatureWrapper)[pri:0, instance:runner.R_Home_Page@23348b5d]" name="runScenario" class="io.cucumber.testng.AbstractTestNGCucumberTests"/>
      </group> <!-- cucumber -->
    </groups>
    <test started-at="2026-01-07T04:31:50 IST" name="Default test" finished-at="2026-01-07T04:32:09 IST" duration-ms="18163">
      <class name="runner.R_Home_Page">
        <test-method is-config="true" signature="setUpClass(org.testng.ITestContext)[pri:0, instance:runner.R_Home_Page@23348b5d]" started-at="2026-01-07T04:31:50 IST" name="setUpClass" finished-at="2026-01-07T04:31:51 IST" duration-ms="732" status="PASS">
          <params>
            <param index="0">
              <value>
                <![CDATA[org.testng.TestRunner@1ac45389]]>
              </value>
            </param>
          </params>
          <reporter-output>
          </reporter-output>
        </test-method> <!-- setUpClass -->
        <test-method signature="runScenario(io.cucumber.testng.PickleWrapper,io.cucumber.testng.FeatureWrapper)[pri:0, instance:runner.R_Home_Page@23348b5d]" started-at="2026-01-07T04:31:51 IST" name="runScenario" description="Runs Cucumber Scenarios" data-provider="scenarios" finished-at="2026-01-07T04:32:09 IST" duration-ms="17310" status="PASS">
          <params>
            <param index="0">
              <value>
                <![CDATA["TC01: Validate coverfox health insurance plan for single person"]]>
              </value>
            </param>
            <param index="1">
              <value>
                <![CDATA["Coverfox Health Insurance Test"]]>
              </value>
            </param>
          </params>
          <reporter-output>
            <line>
              <![CDATA[Setting browser name as chrome]]>
            </line>
            <line>
              <![CDATA[CLosing browser]]>
            </line>
          </reporter-output>
        </test-method> <!-- runScenario -->
        <test-method is-config="true" signature="tearDownClass()[pri:0, instance:runner.R_Home_Page@23348b5d]" started-at="2026-01-07T04:32:09 IST" name="tearDownClass" finished-at="2026-01-07T04:32:09 IST" duration-ms="68" status="PASS">
          <reporter-output>
          </reporter-output>
        </test-method> <!-- tearDownClass -->
      </class> <!-- runner.R_Home_Page -->
    </test> <!-- Default test -->
  </suite> <!-- Default suite -->
</testng-results>
