<?xml version="1.0" encoding="UTF-8"?>
<!-- Generated by org.testng.reporters.JUnitReportReporter -->
<testsuite hostname="DESKTOP-N0EMJ5B" failures="0" tests="1" name="runner.R_Home_Page" time="17.310" errors="0" timestamp="2026-01-07T04:32:09 IST" skipped="0">
  <testcase classname="runner.R_Home_Page" name="runScenario" time="17.310">
    <system-out>
      <![CDATA[Setting browser name as chrome
CLosing browser]]>
    </system-out>
  </testcase> <!-- runScenario -->
  <system-out>
    <![CDATA[Setting browser name as chrome
CLosing browser]]>
  </system-out>
</testsuite> <!-- runner.R_Home_Page -->
